c:\users\balaj\source\repos\aho-corasick-algorithm\implementation\sentimentanalysis\x64\debug\vc143.pdb
c:\users\balaj\source\repos\aho-corasick-algorithm\implementation\sentimentanalysis\x64\debug\vc143.idb
c:\users\balaj\source\repos\aho-corasick-algorithm\implementation\sentimentanalysis\x64\debug\triesearch.obj
c:\users\balaj\source\repos\aho-corasick-algorithm\implementation\sentimentanalysis\x64\debug\sentimentanalysis.obj
c:\users\balaj\source\repos\aho-corasick-algorithm\implementation\sentimentanalysis\x64\debug\tracyclient.obj
c:\users\balaj\source\repos\aho-corasick-algorithm\implementation\sentimentanalysis\x64\debug\knuthmorrispratt.obj
c:\users\balaj\source\repos\aho-corasick-algorithm\implementation\sentimentanalysis\x64\debug\helper.obj
c:\users\balaj\source\repos\aho-corasick-algorithm\implementation\sentimentanalysis\x64\debug\fileservice.obj
c:\users\balaj\source\repos\aho-corasick-algorithm\implementation\sentimentanalysis\x64\debug\analysis.obj
c:\users\balaj\source\repos\aho-corasick-algorithm\implementation\sentimentanalysis\x64\debug\ahocorasickautomaton.obj
c:\users\balaj\source\repos\aho-corasick-algorithm\implementation\sentimentanalysis\x64\debug\sentimentanalysis.exe
c:\users\balaj\source\repos\aho-corasick-algorithm\implementation\sentimentanalysis\x64\debug\sentimentanalysis.ilk
c:\users\balaj\source\repos\aho-corasick-algorithm\implementation\sentimentanalysis\x64\debug\sentimentanalysis.pdb
c:\users\balaj\source\repos\aho-corasick-algorithm\implementation\sentimentanalysis\x64\debug\sentimentanalysis.vcxproj.cppwinrt_comp.rsp
c:\users\balaj\source\repos\aho-corasick-algorithm\implementation\sentimentanalysis\x64\debug\sentimentanalysis.vcxproj.cppwinrt_plat.rsp
c:\users\balaj\source\repos\aho-corasick-algorithm\implementation\sentimentanalysis\x64\debug\sentimentanalysis.vcxproj.mdmerge.rsp
c:\users\balaj\source\repos\aho-corasick-algorithm\implementation\sentimentanalysis\x64\debug\sentimentanalysis.vcxproj.midlrt.rsp
c:\users\balaj\source\repos\aho-corasick-algorithm\implementation\sentimentanalysis\x64\debug\sentimen.20d2b401.tlog\cl.command.1.tlog
c:\users\balaj\source\repos\aho-corasick-algorithm\implementation\sentimentanalysis\x64\debug\sentimen.20d2b401.tlog\cl.items.tlog
c:\users\balaj\source\repos\aho-corasick-algorithm\implementation\sentimentanalysis\x64\debug\sentimen.20d2b401.tlog\cl.read.1.tlog
c:\users\balaj\source\repos\aho-corasick-algorithm\implementation\sentimentanalysis\x64\debug\sentimen.20d2b401.tlog\cl.write.1.tlog
c:\users\balaj\source\repos\aho-corasick-algorithm\implementation\sentimentanalysis\x64\debug\sentimen.20d2b401.tlog\link.command.1.tlog
c:\users\balaj\source\repos\aho-corasick-algorithm\implementation\sentimentanalysis\x64\debug\sentimen.20d2b401.tlog\link.read.1.tlog
c:\users\balaj\source\repos\aho-corasick-algorithm\implementation\sentimentanalysis\x64\debug\sentimen.20d2b401.tlog\link.write.1.tlog
