c:\users\balaj\source\repos\aho-corasick-algorithm\implementation\sentimentanalysis\x64\release\vc143.pdb
c:\users\balaj\source\repos\aho-corasick-algorithm\implementation\sentimentanalysis\x64\release\triesearch.obj
c:\users\balaj\source\repos\aho-corasick-algorithm\implementation\sentimentanalysis\x64\release\sentimentanalysis.obj
c:\users\balaj\source\repos\aho-corasick-algorithm\implementation\sentimentanalysis\x64\release\tracyclient.obj
c:\users\balaj\source\repos\aho-corasick-algorithm\implementation\sentimentanalysis\x64\release\knuthmorrispratt.obj
c:\users\balaj\source\repos\aho-corasick-algorithm\implementation\sentimentanalysis\x64\release\helper.obj
c:\users\balaj\source\repos\aho-corasick-algorithm\implementation\sentimentanalysis\x64\release\fileservice.obj
c:\users\balaj\source\repos\aho-corasick-algorithm\implementation\sentimentanalysis\x64\release\parellelanalysis.obj
c:\users\balaj\source\repos\aho-corasick-algorithm\implementation\sentimentanalysis\x64\release\sequentialanalysis.obj
c:\users\balaj\source\repos\aho-corasick-algorithm\implementation\sentimentanalysis\x64\release\analysis.obj
c:\users\balaj\source\repos\aho-corasick-algorithm\implementation\sentimentanalysis\x64\release\ahocorasickautomaton.obj
c:\users\balaj\source\repos\aho-corasick-algorithm\implementation\sentimentanalysis\x64\release\sentimentanalysis.ipdb
c:\users\balaj\source\repos\aho-corasick-algorithm\implementation\sentimentanalysis\x64\release\sentimentanalysis.iobj
c:\users\balaj\source\repos\aho-corasick-algorithm\implementation\sentimentanalysis\x64\release\sentimentanalysis.exe
c:\users\balaj\source\repos\aho-corasick-algorithm\implementation\sentimentanalysis\x64\release\sentimentanalysis.pdb
c:\users\balaj\source\repos\aho-corasick-algorithm\implementation\sentimentanalysis\x64\release\sentimentanalysis.vcxproj.cppwinrt_comp.rsp
c:\users\balaj\source\repos\aho-corasick-algorithm\implementation\sentimentanalysis\x64\release\sentimentanalysis.vcxproj.cppwinrt_plat.rsp
c:\users\balaj\source\repos\aho-corasick-algorithm\implementation\sentimentanalysis\x64\release\sentimentanalysis.vcxproj.mdmerge.rsp
c:\users\balaj\source\repos\aho-corasick-algorithm\implementation\sentimentanalysis\x64\release\sentimentanalysis.vcxproj.midlrt.rsp
c:\users\balaj\source\repos\aho-corasick-algorithm\implementation\sentimentanalysis\x64\release\sentimen.20d2b401.tlog\cl.command.1.tlog
c:\users\balaj\source\repos\aho-corasick-algorithm\implementation\sentimentanalysis\x64\release\sentimen.20d2b401.tlog\cl.items.tlog
c:\users\balaj\source\repos\aho-corasick-algorithm\implementation\sentimentanalysis\x64\release\sentimen.20d2b401.tlog\cl.read.1.tlog
c:\users\balaj\source\repos\aho-corasick-algorithm\implementation\sentimentanalysis\x64\release\sentimen.20d2b401.tlog\cl.write.1.tlog
c:\users\balaj\source\repos\aho-corasick-algorithm\implementation\sentimentanalysis\x64\release\sentimen.20d2b401.tlog\link.command.1.tlog
c:\users\balaj\source\repos\aho-corasick-algorithm\implementation\sentimentanalysis\x64\release\sentimen.20d2b401.tlog\link.read.1.tlog
c:\users\balaj\source\repos\aho-corasick-algorithm\implementation\sentimentanalysis\x64\release\sentimen.20d2b401.tlog\link.write.1.tlog
c:\users\balaj\source\repos\aho-corasick-algorithm\implementation\sentimentanalysis\x64\release\sentimen.20d2b401.tlog\link.write.2u.tlog
